2016-11-12 08:59:45 [::1][-][-][error][yii\web\HttpException:404] exception 'yii\base\InvalidRouteException' with message 'Unable to resolve the request "".' in E:\phpStudy\WWW\nine\recruit\admin(YII)\vendor\yiisoft\yii2\base\Module.php:460
Stack trace:
#0 E:\phpStudy\WWW\nine\recruit\admin(YII)\vendor\yiisoft\yii2\web\Application.php(84): yii\base\Module->runAction('', Array)
#1 E:\phpStudy\WWW\nine\recruit\admin(YII)\vendor\yiisoft\yii2\base\Application.php(375): yii\web\Application->handleRequest(Object(yii\web\Request))
#2 E:\phpStudy\WWW\nine\recruit\admin(YII)\web\index.php(12): yii\base\Application->run()
#3 {main}

Next exception 'yii\web\NotFoundHttpException' with message 'Page not found.' in E:\phpStudy\WWW\nine\recruit\admin(YII)\vendor\yiisoft\yii2\web\Application.php:96
Stack trace:
#0 E:\phpStudy\WWW\nine\recruit\admin(YII)\vendor\yiisoft\yii2\base\Application.php(375): yii\web\Application->handleRequest(Object(yii\web\Request))
#1 E:\phpStudy\WWW\nine\recruit\admin(YII)\web\index.php(12): yii\base\Application->run()
#2 {main}
2016-11-12 08:59:45 [::1][-][-][info][application] $_COOKIE = [
    'Hm_lvt_12e233684b48dc67054644eaa9e278fc' => '1461847139,1461911342,1461924151,1461933539'
    'ECS' => [
        'visit_times' => '10'
    ]
    '_ga' => 'GA1.1.665754247.1471596877'
    'Hm_lvt_e9e114d958ea263de46e080563e254c4' => '1472872809,1472880768'
    'pgv_pvi' => '4320408576'
    'Hm_lvt_2e66c26c9d62324132291faf1862cfa5' => '1472884720'
    'sgsa_id' => 'localhost|1472884720597584'
    'bdshare_firstime' => '1472884725404'
    '__utma' => '111872281.665754247.1471596877.1472884727.1472884727.1'
    '__utmz' => '111872281.1472884727.1.1.utmcsr=(direct)|utmccn=(direct)|utmcmd=(none)'
    'CNZZDATA2652861' => 'cnzz_eid=455524242-1473209480-http%3A%2F%2Flocalhost%2F&ntime=1474677243'
    'Hm_lvt_4233e74dff0ae5bd0a3d81c6ccf756e6' => '1473642922,1473685314'
    'Hm_lvt_d64af1f3b8e241d56f0536501d4bfdd6' => '1474534870,1474590947,1474610784'
    'Hm_lvt_070eea23fda7f8aa624dfc4245be3cbe' => '1474602324,1474610784'
    'iweb_safecode' => 'cfb50bcb4eMzM3MzUzMDAyMGVtNTMzYzUyYTExMzRgYTk0MTI+YzI3MmUwMWZhMTdnODgxNDIxMzUyNDNgbzQ4NTQ8ZzhqMw'
    'iweb_shoppingcart' => '10b57462dfMjAxMDc4OTE5NjEyMmI0YzBkYWQxMj9jMzVjZmM3MzN7Lm5ub2R3JjpSWiQjcHJsY3NjdCA4Xlx4'
    'CNZZDATA155540' => 'cnzz_eid=1970694984-1478218675-&ntime=1478910014'
    'iweb_captcha' => '196594be54MDcwMDUwMzA0MDowMTJgYWNlYG9lMWZkNTU2MGI5Zmh1YXBseg'
    'iweb_admin_role_name' => 'ec68be0414MDAwNzAxMDA0MGRgMTxhOWVmMzIyZ2FlNGNiPTswNjzvtoHnuqfurqHikIDnkZg'
    'iweb_admin_id' => '81c0b778c2MDAwMjA4ODAwOTFjMDo4NDcyZDEyNj02MTw5MTMzOTUx'
    'iweb_admin_name' => '554ce77966MTMwMjAwNjMyMDk1YzFhYWNiODE0NzI2NzJkOTQ/NjVkZmpqbg'
    'iweb_admin_pwd' => 'cdd5eb25aaNDUwMDczNDUwNGI5MzgzbGBiOmI9ZTc0N2pjNTI4ODMwMTw0MDIzYT5iamIxMTs1MjUxNmY3PjBnYjE4YjI4Ng'
    '_csrf' => 'f2ff2286b05a3fb7b051db365345ad8f15be4f37923d734d92b724b3781f7fb0a:2:{i:0;s:5:\"_csrf\";i:1;s:32:\"40zJbsdJ6cQsGd92b5zzZtFCja-Kn9K4\";}'
    'PHPSESSID' => 'uu0l6hougd197qed8gf2lvolm6'
]

$_SERVER = [
    'PATH' => 'C:\\ProgramData\\Oracle\\Java\\javapath;E:\\wamp\\PHP\\;C:\\WINDOWS\\system32;C:\\WINDOWS;C:\\WINDOWS\\System32\\Wbem;C:\\WINDOWS\\System32\\WindowsPowerShell\\v1.0\\;C:\\Program Files (x86)\\ATI Technologies\\ATI.ACE\\Core-Static;E:\\linux\\linux_SW\\SVN\\bin;E:\\9.Yii\\TortoiseGit\\bin;C:\\ProgramData\\ComposerSetup\\bin;'
    'SYSTEMROOT' => 'C:\\WINDOWS'
    'COMSPEC' => 'C:\\WINDOWS\\system32\\cmd.exe'
    'PATHEXT' => '.COM;.EXE;.BAT;.CMD;.VBS;.VBE;.JS;.JSE;.WSF;.WSH;.MSC'
    'WINDIR' => 'C:\\WINDOWS'
    'PHP_FCGI_MAX_REQUESTS' => '1000'
    'PHPRC' => 'E:/phpStudy/php/php-5.6.27-nts/'
    '_FCGI_SHUTDOWN_EVENT_' => '2124'
    'SCRIPT_NAME' => '/nine/recruit/admin(YII)/web/index.php'
    'REQUEST_URI' => '/nine/recruit/admin(YII)/web/'
    'QUERY_STRING' => ''
    'REQUEST_METHOD' => 'GET'
    'SERVER_PROTOCOL' => 'HTTP/1.1'
    'GATEWAY_INTERFACE' => 'CGI/1.1'
    'REMOTE_PORT' => '60540'
    'SCRIPT_FILENAME' => 'E:/phpStudy/WWW/nine/recruit/admin(YII)/web/index.php'
    'SERVER_ADMIN' => 'admin@phpStudy.net'
    'CONTEXT_DOCUMENT_ROOT' => 'E:/phpStudy/WWW'
    'CONTEXT_PREFIX' => ''
    'REQUEST_SCHEME' => 'http'
    'DOCUMENT_ROOT' => 'E:/phpStudy/WWW'
    'REMOTE_ADDR' => '::1'
    'SERVER_PORT' => '80'
    'SERVER_ADDR' => '::1'
    'SERVER_NAME' => 'localhost'
    'SERVER_SOFTWARE' => 'Apache/2.4.23 (Win32) OpenSSL/1.0.2j mod_fcgid/2.3.9'
    'SERVER_SIGNATURE' => ''
    'SystemRoot' => 'C:\\WINDOWS'
    'HTTP_CONNECTION' => 'close'
    'HTTP_COOKIE' => 'Hm_lvt_12e233684b48dc67054644eaa9e278fc=1461847139,1461911342,1461924151,1461933539; ECS[visit_times]=10; _ga=GA1.1.665754247.1471596877; Hm_lvt_e9e114d958ea263de46e080563e254c4=1472872809,1472880768; pgv_pvi=4320408576; Hm_lvt_2e66c26c9d62324132291faf1862cfa5=1472884720; sgsa_id=localhost|1472884720597584; bdshare_firstime=1472884725404; __utma=111872281.665754247.1471596877.1472884727.1472884727.1; __utmz=111872281.1472884727.1.1.utmcsr=(direct)|utmccn=(direct)|utmcmd=(none); CNZZDATA2652861=cnzz_eid%3D455524242-1473209480-http%253A%252F%252Flocalhost%252F%26ntime%3D1474677243; Hm_lvt_4233e74dff0ae5bd0a3d81c6ccf756e6=1473642922,1473685314; Hm_lvt_d64af1f3b8e241d56f0536501d4bfdd6=1474534870,1474590947,1474610784; Hm_lvt_070eea23fda7f8aa624dfc4245be3cbe=1474602324,1474610784; iweb_safecode=cfb50bcb4eMzM3MzUzMDAyMGVtNTMzYzUyYTExMzRgYTk0MTI%2BYzI3MmUwMWZhMTdnODgxNDIxMzUyNDNgbzQ4NTQ8ZzhqMw; iweb_shoppingcart=10b57462dfMjAxMDc4OTE5NjEyMmI0YzBkYWQxMj9jMzVjZmM3MzN7Lm5ub2R3JjpSWiQjcHJsY3NjdCA4Xlx4; CNZZDATA155540=cnzz_eid%3D1970694984-1478218675-%26ntime%3D1478910014; iweb_captcha=196594be54MDcwMDUwMzA0MDowMTJgYWNlYG9lMWZkNTU2MGI5Zmh1YXBseg; iweb_admin_role_name=ec68be0414MDAwNzAxMDA0MGRgMTxhOWVmMzIyZ2FlNGNiPTswNjzvtoHnuqfurqHikIDnkZg; iweb_admin_id=81c0b778c2MDAwMjA4ODAwOTFjMDo4NDcyZDEyNj02MTw5MTMzOTUx; iweb_admin_name=554ce77966MTMwMjAwNjMyMDk1YzFhYWNiODE0NzI2NzJkOTQ%2FNjVkZmpqbg; iweb_admin_pwd=cdd5eb25aaNDUwMDczNDUwNGI5MzgzbGBiOmI9ZTc0N2pjNTI4ODMwMTw0MDIzYT5iamIxMTs1MjUxNmY3PjBnYjE4YjI4Ng; _csrf=f2ff2286b05a3fb7b051db365345ad8f15be4f37923d734d92b724b3781f7fb0a%3A2%3A%7Bi%3A0%3Bs%3A5%3A%22_csrf%22%3Bi%3A1%3Bs%3A32%3A%2240zJbsdJ6cQsGd92b5zzZtFCja-Kn9K4%22%3B%7D; PHPSESSID=uu0l6hougd197qed8gf2lvolm6'
    'HTTP_REFERER' => 'http://localhost/nine/recruit/admin(YII)/'
    'HTTP_ACCEPT_ENCODING' => 'gzip, deflate'
    'HTTP_ACCEPT_LANGUAGE' => 'zh-cn,zh;q=0.8,en-us;q=0.5,en;q=0.3'
    'HTTP_ACCEPT' => 'text/html,application/xhtml+xml,application/xml;q=0.9,*/*;q=0.8'
    'HTTP_USER_AGENT' => 'Mozilla/5.0 (Windows NT 6.3; WOW64; rv:31.0) Gecko/20100101 Firefox/31.0'
    'HTTP_HOST' => 'localhost'
    'FCGI_ROLE' => 'RESPONDER'
    'PHP_SELF' => '/nine/recruit/admin(YII)/web/index.php'
    'REQUEST_TIME_FLOAT' => 1478912385.5596
    'REQUEST_TIME' => 1478912385
]
2016-11-15 07:46:12 [::1][-][-][error][yii\web\HttpException:404] exception 'yii\base\InvalidRouteException' with message 'Unable to resolve the request "".' in E:\wamp\www\nine\recruit\admin(YII)\vendor\yiisoft\yii2\base\Module.php:460
Stack trace:
#0 E:\wamp\www\nine\recruit\admin(YII)\vendor\yiisoft\yii2\web\Application.php(84): yii\base\Module->runAction('', Array)
#1 E:\wamp\www\nine\recruit\admin(YII)\vendor\yiisoft\yii2\base\Application.php(375): yii\web\Application->handleRequest(Object(yii\web\Request))
#2 E:\wamp\www\nine\recruit\admin(YII)\web\index.php(12): yii\base\Application->run()
#3 {main}

Next exception 'yii\web\NotFoundHttpException' with message 'Page not found.' in E:\wamp\www\nine\recruit\admin(YII)\vendor\yiisoft\yii2\web\Application.php:96
Stack trace:
#0 E:\wamp\www\nine\recruit\admin(YII)\vendor\yiisoft\yii2\base\Application.php(375): yii\web\Application->handleRequest(Object(yii\web\Request))
#1 E:\wamp\www\nine\recruit\admin(YII)\web\index.php(12): yii\base\Application->run()
#2 {main}
2016-11-15 07:46:11 [::1][-][-][info][application] $_COOKIE = [
    'Hm_lvt_12e233684b48dc67054644eaa9e278fc' => '1461847139,1461911342,1461924151,1461933539'
    'ECS' => [
        'visit_times' => '10'
    ]
    '_ga' => 'GA1.1.665754247.1471596877'
    'Hm_lvt_e9e114d958ea263de46e080563e254c4' => '1472872809,1472880768'
    'pgv_pvi' => '4320408576'
    'Hm_lvt_2e66c26c9d62324132291faf1862cfa5' => '1472884720'
    'sgsa_id' => 'localhost|1472884720597584'
    'bdshare_firstime' => '1472884725404'
    '__utma' => '111872281.665754247.1471596877.1472884727.1472884727.1'
    '__utmz' => '111872281.1472884727.1.1.utmcsr=(direct)|utmccn=(direct)|utmcmd=(none)'
    'CNZZDATA2652861' => 'cnzz_eid=455524242-1473209480-http%3A%2F%2Flocalhost%2F&ntime=1474677243'
    'Hm_lvt_4233e74dff0ae5bd0a3d81c6ccf756e6' => '1473642922,1473685314'
    'Hm_lvt_d64af1f3b8e241d56f0536501d4bfdd6' => '1474534870,1474590947,1474610784'
    'Hm_lvt_070eea23fda7f8aa624dfc4245be3cbe' => '1474602324,1474610784'
    'iweb_safecode' => 'cfb50bcb4eMzM3MzUzMDAyMGVtNTMzYzUyYTExMzRgYTk0MTI+YzI3MmUwMWZhMTdnODgxNDIxMzUyNDNgbzQ4NTQ8ZzhqMw'
    'iweb_shoppingcart' => '10b57462dfMjAxMDc4OTE5NjEyMmI0YzBkYWQxMj9jMzVjZmM3MzN7Lm5ub2R3JjpSWiQjcHJsY3NjdCA4Xlx4'
    'CNZZDATA155540' => 'cnzz_eid=1970694984-1478218675-&ntime=1479190864'
    'iweb_captcha' => '196594be54MDcwMDUwMzA0MDowMTJgYWNlYG9lMWZkNTU2MGI5Zmh1YXBseg'
    'iweb_admin_role_name' => 'ec68be0414MDAwNzAxMDA0MGRgMTxhOWVmMzIyZ2FlNGNiPTswNjzvtoHnuqfurqHikIDnkZg'
    'iweb_admin_id' => '81c0b778c2MDAwMjA4ODAwOTFjMDo4NDcyZDEyNj02MTw5MTMzOTUx'
    'iweb_admin_name' => '554ce77966MTMwMjAwNjMyMDk1YzFhYWNiODE0NzI2NzJkOTQ/NjVkZmpqbg'
    'iweb_admin_pwd' => 'cdd5eb25aaNDUwMDczNDUwNGI5MzgzbGBiOmI9ZTc0N2pjNTI4ODMwMTw0MDIzYT5iamIxMTs1MjUxNmY3PjBnYjE4YjI4Ng'
    'think_template' => 'default'
    'PHPSESSID' => 'l7vl39gkt3005kg72rer737ma5'
    '_csrf' => '079081e99a80282497a10194d2034fb460205ef9f5fbf8c9f26e02048c8bd8b7a:2:{i:0;s:5:\"_csrf\";i:1;s:32:\"VBfgZb-IIF_gcsPxdXdnVySKNhlcnqqG\";}'
]

$_SERVER = [
    'HTTP_HOST' => 'localhost'
    'HTTP_USER_AGENT' => 'Mozilla/5.0 (Windows NT 6.3; WOW64; rv:47.0) Gecko/20100101 Firefox/47.0'
    'HTTP_ACCEPT' => 'text/html,application/xhtml+xml,application/xml;q=0.9,*/*;q=0.8'
    'HTTP_ACCEPT_LANGUAGE' => 'zh-CN,zh;q=0.8,en-US;q=0.5,en;q=0.3'
    'HTTP_ACCEPT_ENCODING' => 'gzip, deflate'
    'HTTP_REFERER' => 'http://localhost/nine/recruit/admin(YII)/'
    'HTTP_COOKIE' => 'Hm_lvt_12e233684b48dc67054644eaa9e278fc=1461847139,1461911342,1461924151,1461933539; ECS[visit_times]=10; _ga=GA1.1.665754247.1471596877; Hm_lvt_e9e114d958ea263de46e080563e254c4=1472872809,1472880768; pgv_pvi=4320408576; Hm_lvt_2e66c26c9d62324132291faf1862cfa5=1472884720; sgsa_id=localhost|1472884720597584; bdshare_firstime=1472884725404; __utma=111872281.665754247.1471596877.1472884727.1472884727.1; __utmz=111872281.1472884727.1.1.utmcsr=(direct)|utmccn=(direct)|utmcmd=(none); CNZZDATA2652861=cnzz_eid%3D455524242-1473209480-http%253A%252F%252Flocalhost%252F%26ntime%3D1474677243; Hm_lvt_4233e74dff0ae5bd0a3d81c6ccf756e6=1473642922,1473685314; Hm_lvt_d64af1f3b8e241d56f0536501d4bfdd6=1474534870,1474590947,1474610784; Hm_lvt_070eea23fda7f8aa624dfc4245be3cbe=1474602324,1474610784; iweb_safecode=cfb50bcb4eMzM3MzUzMDAyMGVtNTMzYzUyYTExMzRgYTk0MTI%2BYzI3MmUwMWZhMTdnODgxNDIxMzUyNDNgbzQ4NTQ8ZzhqMw; iweb_shoppingcart=10b57462dfMjAxMDc4OTE5NjEyMmI0YzBkYWQxMj9jMzVjZmM3MzN7Lm5ub2R3JjpSWiQjcHJsY3NjdCA4Xlx4; CNZZDATA155540=cnzz_eid%3D1970694984-1478218675-%26ntime%3D1479190864; iweb_captcha=196594be54MDcwMDUwMzA0MDowMTJgYWNlYG9lMWZkNTU2MGI5Zmh1YXBseg; iweb_admin_role_name=ec68be0414MDAwNzAxMDA0MGRgMTxhOWVmMzIyZ2FlNGNiPTswNjzvtoHnuqfurqHikIDnkZg; iweb_admin_id=81c0b778c2MDAwMjA4ODAwOTFjMDo4NDcyZDEyNj02MTw5MTMzOTUx; iweb_admin_name=554ce77966MTMwMjAwNjMyMDk1YzFhYWNiODE0NzI2NzJkOTQ%2FNjVkZmpqbg; iweb_admin_pwd=cdd5eb25aaNDUwMDczNDUwNGI5MzgzbGBiOmI9ZTc0N2pjNTI4ODMwMTw0MDIzYT5iamIxMTs1MjUxNmY3PjBnYjE4YjI4Ng; think_template=default; PHPSESSID=l7vl39gkt3005kg72rer737ma5; _csrf=079081e99a80282497a10194d2034fb460205ef9f5fbf8c9f26e02048c8bd8b7a%3A2%3A%7Bi%3A0%3Bs%3A5%3A%22_csrf%22%3Bi%3A1%3Bs%3A32%3A%22VBfgZb-IIF_gcsPxdXdnVySKNhlcnqqG%22%3B%7D'
    'HTTP_CONNECTION' => 'keep-alive'
    'PATH' => 'C:\\ProgramData\\Oracle\\Java\\javapath;E:\\wamp\\PHP\\;C:\\WINDOWS\\system32;C:\\WINDOWS;C:\\WINDOWS\\System32\\Wbem;C:\\WINDOWS\\System32\\WindowsPowerShell\\v1.0\\;C:\\Program Files (x86)\\ATI Technologies\\ATI.ACE\\Core-Static;E:\\linux\\linux_SW\\SVN\\bin;E:\\9.Yii\\TortoiseGit\\bin;C:\\ProgramData\\ComposerSetup\\bin;'
    'SystemRoot' => 'C:\\WINDOWS'
    'COMSPEC' => 'C:\\WINDOWS\\system32\\cmd.exe'
    'PATHEXT' => '.COM;.EXE;.BAT;.CMD;.VBS;.VBE;.JS;.JSE;.WSF;.WSH;.MSC'
    'WINDIR' => 'C:\\WINDOWS'
    'SERVER_SIGNATURE' => '<address>Apache/2.4.9 (Win32) PHP/5.5.12 Server at localhost Port 80</address>
'
    'SERVER_SOFTWARE' => 'Apache/2.4.9 (Win32) PHP/5.5.12'
    'SERVER_NAME' => 'localhost'
    'SERVER_ADDR' => '::1'
    'SERVER_PORT' => '80'
    'REMOTE_ADDR' => '::1'
    'DOCUMENT_ROOT' => 'E:/wamp/www'
    'REQUEST_SCHEME' => 'http'
    'CONTEXT_PREFIX' => ''
    'CONTEXT_DOCUMENT_ROOT' => 'E:/wamp/www'
    'SERVER_ADMIN' => 'admin@example.com'
    'SCRIPT_FILENAME' => 'E:/wamp/www/nine/recruit/admin(YII)/web/index.php'
    'REMOTE_PORT' => '59809'
    'GATEWAY_INTERFACE' => 'CGI/1.1'
    'SERVER_PROTOCOL' => 'HTTP/1.1'
    'REQUEST_METHOD' => 'GET'
    'QUERY_STRING' => ''
    'REQUEST_URI' => '/nine/recruit/admin(YII)/web/'
    'SCRIPT_NAME' => '/nine/recruit/admin(YII)/web/index.php'
    'PHP_SELF' => '/nine/recruit/admin(YII)/web/index.php'
    'REQUEST_TIME_FLOAT' => 1479192371.602
    'REQUEST_TIME' => 1479192371
]
2016-11-15 07:46:24 [::1][-][-][error][yii\web\HttpException:404] exception 'yii\base\InvalidRouteException' with message 'Unable to resolve the request "".' in E:\wamp\www\nine\recruit\admin(YII)\vendor\yiisoft\yii2\base\Module.php:460
Stack trace:
#0 E:\wamp\www\nine\recruit\admin(YII)\vendor\yiisoft\yii2\web\Application.php(84): yii\base\Module->runAction('', Array)
#1 E:\wamp\www\nine\recruit\admin(YII)\vendor\yiisoft\yii2\base\Application.php(375): yii\web\Application->handleRequest(Object(yii\web\Request))
#2 E:\wamp\www\nine\recruit\admin(YII)\web\index.php(12): yii\base\Application->run()
#3 {main}

Next exception 'yii\web\NotFoundHttpException' with message 'Page not found.' in E:\wamp\www\nine\recruit\admin(YII)\vendor\yiisoft\yii2\web\Application.php:96
Stack trace:
#0 E:\wamp\www\nine\recruit\admin(YII)\vendor\yiisoft\yii2\base\Application.php(375): yii\web\Application->handleRequest(Object(yii\web\Request))
#1 E:\wamp\www\nine\recruit\admin(YII)\web\index.php(12): yii\base\Application->run()
#2 {main}
2016-11-15 07:46:24 [::1][-][-][info][application] $_COOKIE = [
    'Hm_lvt_12e233684b48dc67054644eaa9e278fc' => '1461847139,1461911342,1461924151,1461933539'
    'ECS' => [
        'visit_times' => '10'
    ]
    '_ga' => 'GA1.1.665754247.1471596877'
    'Hm_lvt_e9e114d958ea263de46e080563e254c4' => '1472872809,1472880768'
    'pgv_pvi' => '4320408576'
    'Hm_lvt_2e66c26c9d62324132291faf1862cfa5' => '1472884720'
    'sgsa_id' => 'localhost|1472884720597584'
    'bdshare_firstime' => '1472884725404'
    '__utma' => '111872281.665754247.1471596877.1472884727.1472884727.1'
    '__utmz' => '111872281.1472884727.1.1.utmcsr=(direct)|utmccn=(direct)|utmcmd=(none)'
    'CNZZDATA2652861' => 'cnzz_eid=455524242-1473209480-http%3A%2F%2Flocalhost%2F&ntime=1474677243'
    'Hm_lvt_4233e74dff0ae5bd0a3d81c6ccf756e6' => '1473642922,1473685314'
    'Hm_lvt_d64af1f3b8e241d56f0536501d4bfdd6' => '1474534870,1474590947,1474610784'
    'Hm_lvt_070eea23fda7f8aa624dfc4245be3cbe' => '1474602324,1474610784'
    'iweb_safecode' => 'cfb50bcb4eMzM3MzUzMDAyMGVtNTMzYzUyYTExMzRgYTk0MTI+YzI3MmUwMWZhMTdnODgxNDIxMzUyNDNgbzQ4NTQ8ZzhqMw'
    'iweb_shoppingcart' => '10b57462dfMjAxMDc4OTE5NjEyMmI0YzBkYWQxMj9jMzVjZmM3MzN7Lm5ub2R3JjpSWiQjcHJsY3NjdCA4Xlx4'
    'CNZZDATA155540' => 'cnzz_eid=1970694984-1478218675-&ntime=1479190864'
    'iweb_captcha' => '196594be54MDcwMDUwMzA0MDowMTJgYWNlYG9lMWZkNTU2MGI5Zmh1YXBseg'
    'iweb_admin_role_name' => 'ec68be0414MDAwNzAxMDA0MGRgMTxhOWVmMzIyZ2FlNGNiPTswNjzvtoHnuqfurqHikIDnkZg'
    'iweb_admin_id' => '81c0b778c2MDAwMjA4ODAwOTFjMDo4NDcyZDEyNj02MTw5MTMzOTUx'
    'iweb_admin_name' => '554ce77966MTMwMjAwNjMyMDk1YzFhYWNiODE0NzI2NzJkOTQ/NjVkZmpqbg'
    'iweb_admin_pwd' => 'cdd5eb25aaNDUwMDczNDUwNGI5MzgzbGBiOmI9ZTc0N2pjNTI4ODMwMTw0MDIzYT5iamIxMTs1MjUxNmY3PjBnYjE4YjI4Ng'
    'think_template' => 'default'
    'PHPSESSID' => 'l7vl39gkt3005kg72rer737ma5'
    '_csrf' => '079081e99a80282497a10194d2034fb460205ef9f5fbf8c9f26e02048c8bd8b7a:2:{i:0;s:5:\"_csrf\";i:1;s:32:\"VBfgZb-IIF_gcsPxdXdnVySKNhlcnqqG\";}'
]

$_SERVER = [
    'HTTP_HOST' => 'localhost'
    'HTTP_USER_AGENT' => 'Mozilla/5.0 (Windows NT 6.3; WOW64; rv:47.0) Gecko/20100101 Firefox/47.0'
    'HTTP_ACCEPT' => 'text/html,application/xhtml+xml,application/xml;q=0.9,*/*;q=0.8'
    'HTTP_ACCEPT_LANGUAGE' => 'zh-CN,zh;q=0.8,en-US;q=0.5,en;q=0.3'
    'HTTP_ACCEPT_ENCODING' => 'gzip, deflate'
    'HTTP_REFERER' => 'http://localhost/nine/recruit/admin(YII)/'
    'HTTP_COOKIE' => 'Hm_lvt_12e233684b48dc67054644eaa9e278fc=1461847139,1461911342,1461924151,1461933539; ECS[visit_times]=10; _ga=GA1.1.665754247.1471596877; Hm_lvt_e9e114d958ea263de46e080563e254c4=1472872809,1472880768; pgv_pvi=4320408576; Hm_lvt_2e66c26c9d62324132291faf1862cfa5=1472884720; sgsa_id=localhost|1472884720597584; bdshare_firstime=1472884725404; __utma=111872281.665754247.1471596877.1472884727.1472884727.1; __utmz=111872281.1472884727.1.1.utmcsr=(direct)|utmccn=(direct)|utmcmd=(none); CNZZDATA2652861=cnzz_eid%3D455524242-1473209480-http%253A%252F%252Flocalhost%252F%26ntime%3D1474677243; Hm_lvt_4233e74dff0ae5bd0a3d81c6ccf756e6=1473642922,1473685314; Hm_lvt_d64af1f3b8e241d56f0536501d4bfdd6=1474534870,1474590947,1474610784; Hm_lvt_070eea23fda7f8aa624dfc4245be3cbe=1474602324,1474610784; iweb_safecode=cfb50bcb4eMzM3MzUzMDAyMGVtNTMzYzUyYTExMzRgYTk0MTI%2BYzI3MmUwMWZhMTdnODgxNDIxMzUyNDNgbzQ4NTQ8ZzhqMw; iweb_shoppingcart=10b57462dfMjAxMDc4OTE5NjEyMmI0YzBkYWQxMj9jMzVjZmM3MzN7Lm5ub2R3JjpSWiQjcHJsY3NjdCA4Xlx4; CNZZDATA155540=cnzz_eid%3D1970694984-1478218675-%26ntime%3D1479190864; iweb_captcha=196594be54MDcwMDUwMzA0MDowMTJgYWNlYG9lMWZkNTU2MGI5Zmh1YXBseg; iweb_admin_role_name=ec68be0414MDAwNzAxMDA0MGRgMTxhOWVmMzIyZ2FlNGNiPTswNjzvtoHnuqfurqHikIDnkZg; iweb_admin_id=81c0b778c2MDAwMjA4ODAwOTFjMDo4NDcyZDEyNj02MTw5MTMzOTUx; iweb_admin_name=554ce77966MTMwMjAwNjMyMDk1YzFhYWNiODE0NzI2NzJkOTQ%2FNjVkZmpqbg; iweb_admin_pwd=cdd5eb25aaNDUwMDczNDUwNGI5MzgzbGBiOmI9ZTc0N2pjNTI4ODMwMTw0MDIzYT5iamIxMTs1MjUxNmY3PjBnYjE4YjI4Ng; think_template=default; PHPSESSID=l7vl39gkt3005kg72rer737ma5; _csrf=079081e99a80282497a10194d2034fb460205ef9f5fbf8c9f26e02048c8bd8b7a%3A2%3A%7Bi%3A0%3Bs%3A5%3A%22_csrf%22%3Bi%3A1%3Bs%3A32%3A%22VBfgZb-IIF_gcsPxdXdnVySKNhlcnqqG%22%3B%7D'
    'HTTP_CONNECTION' => 'keep-alive'
    'PATH' => 'C:\\ProgramData\\Oracle\\Java\\javapath;E:\\wamp\\PHP\\;C:\\WINDOWS\\system32;C:\\WINDOWS;C:\\WINDOWS\\System32\\Wbem;C:\\WINDOWS\\System32\\WindowsPowerShell\\v1.0\\;C:\\Program Files (x86)\\ATI Technologies\\ATI.ACE\\Core-Static;E:\\linux\\linux_SW\\SVN\\bin;E:\\9.Yii\\TortoiseGit\\bin;C:\\ProgramData\\ComposerSetup\\bin;'
    'SystemRoot' => 'C:\\WINDOWS'
    'COMSPEC' => 'C:\\WINDOWS\\system32\\cmd.exe'
    'PATHEXT' => '.COM;.EXE;.BAT;.CMD;.VBS;.VBE;.JS;.JSE;.WSF;.WSH;.MSC'
    'WINDIR' => 'C:\\WINDOWS'
    'SERVER_SIGNATURE' => '<address>Apache/2.4.9 (Win32) PHP/5.5.12 Server at localhost Port 80</address>
'
    'SERVER_SOFTWARE' => 'Apache/2.4.9 (Win32) PHP/5.5.12'
    'SERVER_NAME' => 'localhost'
    'SERVER_ADDR' => '::1'
    'SERVER_PORT' => '80'
    'REMOTE_ADDR' => '::1'
    'DOCUMENT_ROOT' => 'E:/wamp/www'
    'REQUEST_SCHEME' => 'http'
    'CONTEXT_PREFIX' => ''
    'CONTEXT_DOCUMENT_ROOT' => 'E:/wamp/www'
    'SERVER_ADMIN' => 'admin@example.com'
    'SCRIPT_FILENAME' => 'E:/wamp/www/nine/recruit/admin(YII)/web/index.php'
    'REMOTE_PORT' => '59886'
    'GATEWAY_INTERFACE' => 'CGI/1.1'
    'SERVER_PROTOCOL' => 'HTTP/1.1'
    'REQUEST_METHOD' => 'GET'
    'QUERY_STRING' => ''
    'REQUEST_URI' => '/nine/recruit/admin(YII)/web/'
    'SCRIPT_NAME' => '/nine/recruit/admin(YII)/web/index.php'
    'PHP_SELF' => '/nine/recruit/admin(YII)/web/index.php'
    'REQUEST_TIME_FLOAT' => 1479192384.791
    'REQUEST_TIME' => 1479192384
]
